{"/home/guilherme/Documentos/Projects/Fullstack_Project_Backend/src/modules/favorites/services/CreateFavoritesService.ts": {"path":"/home/guilherme/Documentos/Projects/Fullstack_Project_Backend/src/modules/favorites/services/CreateFavoritesService.ts","statementMap":{"0":{"start":{"line":15,"column":31},"end":{"line":15,"column":86}},"1":{"start":{"line":17,"column":8},"end":{"line":19,"column":9}},"2":{"start":{"line":18,"column":12},"end":{"line":18,"column":63}},"3":{"start":{"line":21,"column":26},"end":{"line":24,"column":10}},"4":{"start":{"line":26,"column":8},"end":{"line":26,"column":55}},"5":{"start":{"line":28,"column":8},"end":{"line":28,"column":25}}},"fnMap":{"0":{"name":"(anonymous_0)","decl":{"start":{"line":9,"column":4},"end":{"line":9,"column":5}},"loc":{"start":{"line":12,"column":6},"end":{"line":12,"column":8}},"line":12},"1":{"name":"(anonymous_1)","decl":{"start":{"line":14,"column":4},"end":{"line":14,"column":5}},"loc":{"start":{"line":14,"column":80},"end":{"line":29,"column":5}},"line":14}},"branchMap":{"0":{"loc":{"start":{"line":17,"column":8},"end":{"line":19,"column":9}},"type":"if","locations":[{"start":{"line":17,"column":8},"end":{"line":19,"column":9}},{"start":{},"end":{}}],"line":17}},"s":{"0":0,"1":0,"2":0,"3":0,"4":0,"5":0},"f":{"0":0,"1":0},"b":{"0":[0,0]}}
,"/home/guilherme/Documentos/Projects/Fullstack_Project_Backend/src/modules/favorites/services/DeleteFavoritesService.ts": {"path":"/home/guilherme/Documentos/Projects/Fullstack_Project_Backend/src/modules/favorites/services/DeleteFavoritesService.ts","statementMap":{"0":{"start":{"line":13,"column":26},"end":{"line":13,"column":69}},"1":{"start":{"line":15,"column":8},"end":{"line":17,"column":9}},"2":{"start":{"line":16,"column":12},"end":{"line":16,"column":54}},"3":{"start":{"line":19,"column":8},"end":{"line":19,"column":57}}},"fnMap":{"0":{"name":"(anonymous_0)","decl":{"start":{"line":7,"column":4},"end":{"line":7,"column":5}},"loc":{"start":{"line":10,"column":6},"end":{"line":10,"column":8}},"line":10},"1":{"name":"(anonymous_1)","decl":{"start":{"line":12,"column":4},"end":{"line":12,"column":5}},"loc":{"start":{"line":12,"column":52},"end":{"line":20,"column":5}},"line":12}},"branchMap":{"0":{"loc":{"start":{"line":15,"column":8},"end":{"line":17,"column":9}},"type":"if","locations":[{"start":{"line":15,"column":8},"end":{"line":17,"column":9}},{"start":{},"end":{}}],"line":15}},"s":{"0":0,"1":0,"2":0,"3":0},"f":{"0":0,"1":0},"b":{"0":[0,0]}}
,"/home/guilherme/Documentos/Projects/Fullstack_Project_Backend/src/modules/favorites/services/ListFavoritesService.ts": {"path":"/home/guilherme/Documentos/Projects/Fullstack_Project_Backend/src/modules/favorites/services/ListFavoritesService.ts","statementMap":{"0":{"start":{"line":13,"column":26},"end":{"line":13,"column":77}},"1":{"start":{"line":15,"column":8},"end":{"line":15,"column":25}}},"fnMap":{"0":{"name":"(anonymous_0)","decl":{"start":{"line":7,"column":4},"end":{"line":7,"column":5}},"loc":{"start":{"line":10,"column":6},"end":{"line":10,"column":8}},"line":10},"1":{"name":"(anonymous_1)","decl":{"start":{"line":12,"column":4},"end":{"line":12,"column":5}},"loc":{"start":{"line":12,"column":64},"end":{"line":16,"column":5}},"line":12}},"branchMap":{},"s":{"0":0,"1":0},"f":{"0":0,"1":0},"b":{}}
,"/home/guilherme/Documentos/Projects/Fullstack_Project_Backend/src/modules/favorites/services/ShowFavoriteService.ts": {"path":"/home/guilherme/Documentos/Projects/Fullstack_Project_Backend/src/modules/favorites/services/ShowFavoriteService.ts","statementMap":{"0":{"start":{"line":14,"column":25},"end":{"line":14,"column":68}},"1":{"start":{"line":16,"column":8},"end":{"line":18,"column":9}},"2":{"start":{"line":17,"column":12},"end":{"line":17,"column":53}},"3":{"start":{"line":20,"column":8},"end":{"line":20,"column":24}}},"fnMap":{"0":{"name":"(anonymous_0)","decl":{"start":{"line":8,"column":4},"end":{"line":8,"column":5}},"loc":{"start":{"line":11,"column":6},"end":{"line":11,"column":8}},"line":11},"1":{"name":"(anonymous_1)","decl":{"start":{"line":13,"column":4},"end":{"line":13,"column":5}},"loc":{"start":{"line":13,"column":58},"end":{"line":21,"column":5}},"line":13}},"branchMap":{"0":{"loc":{"start":{"line":16,"column":8},"end":{"line":18,"column":9}},"type":"if","locations":[{"start":{"line":16,"column":8},"end":{"line":18,"column":9}},{"start":{},"end":{}}],"line":16}},"s":{"0":0,"1":0,"2":0,"3":0},"f":{"0":0,"1":0},"b":{"0":[0,0]}}
,"/home/guilherme/Documentos/Projects/Fullstack_Project_Backend/src/modules/friends/services/ConfirmFriendshipService.ts": {"path":"/home/guilherme/Documentos/Projects/Fullstack_Project_Backend/src/modules/friends/services/ConfirmFriendshipService.ts","statementMap":{"0":{"start":{"line":18,"column":33},"end":{"line":18,"column":108}},"1":{"start":{"line":20,"column":8},"end":{"line":22,"column":9}},"2":{"start":{"line":21,"column":12},"end":{"line":21,"column":61}},"3":{"start":{"line":24,"column":8},"end":{"line":26,"column":9}},"4":{"start":{"line":25,"column":12},"end":{"line":25,"column":68}},"5":{"start":{"line":28,"column":24},"end":{"line":31,"column":10}},"6":{"start":{"line":33,"column":8},"end":{"line":38,"column":11}},"7":{"start":{"line":40,"column":8},"end":{"line":40,"column":23}}},"fnMap":{"0":{"name":"(anonymous_0)","decl":{"start":{"line":10,"column":4},"end":{"line":10,"column":5}},"loc":{"start":{"line":15,"column":6},"end":{"line":15,"column":8}},"line":15},"1":{"name":"(anonymous_1)","decl":{"start":{"line":17,"column":4},"end":{"line":17,"column":5}},"loc":{"start":{"line":17,"column":101},"end":{"line":41,"column":5}},"line":17}},"branchMap":{"0":{"loc":{"start":{"line":20,"column":8},"end":{"line":22,"column":9}},"type":"if","locations":[{"start":{"line":20,"column":8},"end":{"line":22,"column":9}},{"start":{},"end":{}}],"line":20},"1":{"loc":{"start":{"line":24,"column":8},"end":{"line":26,"column":9}},"type":"if","locations":[{"start":{"line":24,"column":8},"end":{"line":26,"column":9}},{"start":{},"end":{}}],"line":24}},"s":{"0":0,"1":0,"2":0,"3":0,"4":0,"5":0,"6":0,"7":0},"f":{"0":0,"1":0},"b":{"0":[0,0],"1":[0,0]}}
,"/home/guilherme/Documentos/Projects/Fullstack_Project_Backend/src/modules/friends/services/DeleteFriendshipService.ts": {"path":"/home/guilherme/Documentos/Projects/Fullstack_Project_Backend/src/modules/friends/services/DeleteFriendshipService.ts","statementMap":{"0":{"start":{"line":13,"column":24},"end":{"line":13,"column":98}},"1":{"start":{"line":15,"column":8},"end":{"line":17,"column":9}},"2":{"start":{"line":16,"column":12},"end":{"line":16,"column":61}},"3":{"start":{"line":19,"column":8},"end":{"line":19,"column":53}}},"fnMap":{"0":{"name":"(anonymous_0)","decl":{"start":{"line":7,"column":4},"end":{"line":7,"column":5}},"loc":{"start":{"line":10,"column":6},"end":{"line":10,"column":8}},"line":10},"1":{"name":"(anonymous_1)","decl":{"start":{"line":12,"column":4},"end":{"line":12,"column":5}},"loc":{"start":{"line":12,"column":74},"end":{"line":20,"column":5}},"line":12}},"branchMap":{"0":{"loc":{"start":{"line":15,"column":8},"end":{"line":17,"column":9}},"type":"if","locations":[{"start":{"line":15,"column":8},"end":{"line":17,"column":9}},{"start":{},"end":{}}],"line":15}},"s":{"0":0,"1":0,"2":0,"3":0},"f":{"0":0,"1":0},"b":{"0":[0,0]}}
,"/home/guilherme/Documentos/Projects/Fullstack_Project_Backend/src/modules/friends/services/ListRequestedFriendService.ts": {"path":"/home/guilherme/Documentos/Projects/Fullstack_Project_Backend/src/modules/friends/services/ListRequestedFriendService.ts","statementMap":{"0":{"start":{"line":13,"column":24},"end":{"line":13,"column":81}},"1":{"start":{"line":15,"column":8},"end":{"line":15,"column":23}}},"fnMap":{"0":{"name":"(anonymous_0)","decl":{"start":{"line":7,"column":4},"end":{"line":7,"column":5}},"loc":{"start":{"line":10,"column":6},"end":{"line":10,"column":8}},"line":10},"1":{"name":"(anonymous_1)","decl":{"start":{"line":12,"column":4},"end":{"line":12,"column":5}},"loc":{"start":{"line":12,"column":62},"end":{"line":16,"column":5}},"line":12}},"branchMap":{},"s":{"0":0,"1":0},"f":{"0":0,"1":0},"b":{}}
,"/home/guilherme/Documentos/Projects/Fullstack_Project_Backend/src/modules/friends/services/ListUnconfirmedFriendsService.ts": {"path":"/home/guilherme/Documentos/Projects/Fullstack_Project_Backend/src/modules/friends/services/ListUnconfirmedFriendsService.ts","statementMap":{"0":{"start":{"line":13,"column":35},"end":{"line":13,"column":94}},"1":{"start":{"line":15,"column":8},"end":{"line":15,"column":34}}},"fnMap":{"0":{"name":"(anonymous_0)","decl":{"start":{"line":7,"column":4},"end":{"line":7,"column":5}},"loc":{"start":{"line":10,"column":6},"end":{"line":10,"column":8}},"line":10},"1":{"name":"(anonymous_1)","decl":{"start":{"line":12,"column":4},"end":{"line":12,"column":5}},"loc":{"start":{"line":12,"column":62},"end":{"line":16,"column":5}},"line":12}},"branchMap":{},"s":{"0":0,"1":0},"f":{"0":0,"1":0},"b":{}}
,"/home/guilherme/Documentos/Projects/Fullstack_Project_Backend/src/modules/friends/services/ListUserFriendsService.ts": {"path":"/home/guilherme/Documentos/Projects/Fullstack_Project_Backend/src/modules/friends/services/ListUserFriendsService.ts","statementMap":{"0":{"start":{"line":13,"column":24},"end":{"line":13,"column":76}},"1":{"start":{"line":15,"column":8},"end":{"line":15,"column":23}}},"fnMap":{"0":{"name":"(anonymous_0)","decl":{"start":{"line":7,"column":4},"end":{"line":7,"column":5}},"loc":{"start":{"line":10,"column":6},"end":{"line":10,"column":8}},"line":10},"1":{"name":"(anonymous_1)","decl":{"start":{"line":12,"column":4},"end":{"line":12,"column":5}},"loc":{"start":{"line":12,"column":62},"end":{"line":16,"column":5}},"line":12}},"branchMap":{},"s":{"0":0,"1":0},"f":{"0":0,"1":0},"b":{}}
,"/home/guilherme/Documentos/Projects/Fullstack_Project_Backend/src/modules/friends/services/SendFriendRequestService.ts": {"path":"/home/guilherme/Documentos/Projects/Fullstack_Project_Backend/src/modules/friends/services/SendFriendRequestService.ts","statementMap":{"0":{"start":{"line":18,"column":8},"end":{"line":20,"column":9}},"1":{"start":{"line":19,"column":12},"end":{"line":19,"column":55}},"2":{"start":{"line":22,"column":33},"end":{"line":23,"column":55}},"3":{"start":{"line":25,"column":8},"end":{"line":39,"column":9}},"4":{"start":{"line":26,"column":31},"end":{"line":29,"column":14}},"5":{"start":{"line":31,"column":12},"end":{"line":36,"column":15}},"6":{"start":{"line":38,"column":12},"end":{"line":38,"column":30}},"7":{"start":{"line":41,"column":8},"end":{"line":43,"column":9}},"8":{"start":{"line":42,"column":12},"end":{"line":42,"column":65}},"9":{"start":{"line":45,"column":24},"end":{"line":48,"column":10}},"10":{"start":{"line":50,"column":8},"end":{"line":50,"column":51}},"11":{"start":{"line":52,"column":8},"end":{"line":57,"column":11}},"12":{"start":{"line":59,"column":8},"end":{"line":59,"column":23}}},"fnMap":{"0":{"name":"(anonymous_0)","decl":{"start":{"line":10,"column":4},"end":{"line":10,"column":5}},"loc":{"start":{"line":15,"column":6},"end":{"line":15,"column":8}},"line":15},"1":{"name":"(anonymous_1)","decl":{"start":{"line":17,"column":4},"end":{"line":17,"column":5}},"loc":{"start":{"line":17,"column":80},"end":{"line":60,"column":5}},"line":17}},"branchMap":{"0":{"loc":{"start":{"line":18,"column":8},"end":{"line":20,"column":9}},"type":"if","locations":[{"start":{"line":18,"column":8},"end":{"line":20,"column":9}},{"start":{},"end":{}}],"line":18},"1":{"loc":{"start":{"line":25,"column":8},"end":{"line":39,"column":9}},"type":"if","locations":[{"start":{"line":25,"column":8},"end":{"line":39,"column":9}},{"start":{},"end":{}}],"line":25},"2":{"loc":{"start":{"line":25,"column":12},"end":{"line":25,"column":106}},"type":"binary-expr","locations":[{"start":{"line":25,"column":12},"end":{"line":25,"column":28}},{"start":{"line":25,"column":32},"end":{"line":25,"column":65}},{"start":{"line":25,"column":69},"end":{"line":25,"column":106}}],"line":25},"3":{"loc":{"start":{"line":41,"column":8},"end":{"line":43,"column":9}},"type":"if","locations":[{"start":{"line":41,"column":8},"end":{"line":43,"column":9}},{"start":{},"end":{}}],"line":41}},"s":{"0":0,"1":0,"2":0,"3":0,"4":0,"5":0,"6":0,"7":0,"8":0,"9":0,"10":0,"11":0,"12":0},"f":{"0":0,"1":0},"b":{"0":[0,0],"1":[0,0],"2":[0,0,0],"3":[0,0]}}
,"/home/guilherme/Documentos/Projects/Fullstack_Project_Backend/src/modules/news/services/CreateCommentService.ts": {"path":"/home/guilherme/Documentos/Projects/Fullstack_Project_Backend/src/modules/news/services/CreateCommentService.ts","statementMap":{"0":{"start":{"line":14,"column":27},"end":{"line":18,"column":10}},"1":{"start":{"line":20,"column":8},"end":{"line":20,"column":54}},"2":{"start":{"line":22,"column":8},"end":{"line":22,"column":26}}},"fnMap":{"0":{"name":"(anonymous_0)","decl":{"start":{"line":8,"column":4},"end":{"line":8,"column":5}},"loc":{"start":{"line":11,"column":6},"end":{"line":11,"column":8}},"line":11},"1":{"name":"(anonymous_1)","decl":{"start":{"line":13,"column":4},"end":{"line":13,"column":5}},"loc":{"start":{"line":13,"column":85},"end":{"line":23,"column":5}},"line":13}},"branchMap":{},"s":{"0":0,"1":0,"2":0},"f":{"0":0,"1":0},"b":{}}
,"/home/guilherme/Documentos/Projects/Fullstack_Project_Backend/src/modules/news/services/CreateLikeService.ts": {"path":"/home/guilherme/Documentos/Projects/Fullstack_Project_Backend/src/modules/news/services/CreateLikeService.ts","statementMap":{"0":{"start":{"line":15,"column":27},"end":{"line":16,"column":41}},"1":{"start":{"line":18,"column":8},"end":{"line":20,"column":9}},"2":{"start":{"line":19,"column":12},"end":{"line":19,"column":59}},"3":{"start":{"line":22,"column":21},"end":{"line":25,"column":10}},"4":{"start":{"line":27,"column":8},"end":{"line":27,"column":46}},"5":{"start":{"line":29,"column":8},"end":{"line":29,"column":20}}},"fnMap":{"0":{"name":"(anonymous_0)","decl":{"start":{"line":9,"column":4},"end":{"line":9,"column":5}},"loc":{"start":{"line":12,"column":6},"end":{"line":12,"column":8}},"line":12},"1":{"name":"(anonymous_1)","decl":{"start":{"line":14,"column":4},"end":{"line":14,"column":5}},"loc":{"start":{"line":14,"column":68},"end":{"line":30,"column":5}},"line":14}},"branchMap":{"0":{"loc":{"start":{"line":18,"column":8},"end":{"line":20,"column":9}},"type":"if","locations":[{"start":{"line":18,"column":8},"end":{"line":20,"column":9}},{"start":{},"end":{}}],"line":18}},"s":{"0":0,"1":0,"2":0,"3":0,"4":0,"5":0},"f":{"0":0,"1":0},"b":{"0":[0,0]}}
,"/home/guilherme/Documentos/Projects/Fullstack_Project_Backend/src/modules/news/services/CreateNewsService.ts": {"path":"/home/guilherme/Documentos/Projects/Fullstack_Project_Backend/src/modules/news/services/CreateNewsService.ts","statementMap":{"0":{"start":{"line":31,"column":21},"end":{"line":36,"column":10}},"1":{"start":{"line":38,"column":33},"end":{"line":38,"column":63}},"2":{"start":{"line":40,"column":23},"end":{"line":40,"column":72}},"3":{"start":{"line":42,"column":8},"end":{"line":42,"column":32}},"4":{"start":{"line":44,"column":8},"end":{"line":44,"column":45}},"5":{"start":{"line":46,"column":8},"end":{"line":46,"column":66}},"6":{"start":{"line":48,"column":24},"end":{"line":48,"column":82}},"7":{"start":{"line":50,"column":8},"end":{"line":63,"column":9}},"8":{"start":{"line":51,"column":25},"end":{"line":51,"column":27}},"9":{"start":{"line":53,"column":10},"end":{"line":60,"column":13}},"10":{"start":{"line":54,"column":14},"end":{"line":59,"column":18}},"11":{"start":{"line":62,"column":10},"end":{"line":62,"column":38}},"12":{"start":{"line":65,"column":8},"end":{"line":65,"column":20}}},"fnMap":{"0":{"name":"(anonymous_0)","decl":{"start":{"line":12,"column":4},"end":{"line":12,"column":5}},"loc":{"start":{"line":21,"column":6},"end":{"line":21,"column":8}},"line":21},"1":{"name":"(anonymous_1)","decl":{"start":{"line":23,"column":4},"end":{"line":23,"column":5}},"loc":{"start":{"line":30,"column":36},"end":{"line":66,"column":5}},"line":30},"2":{"name":"(anonymous_2)","decl":{"start":{"line":53,"column":26},"end":{"line":53,"column":27}},"loc":{"start":{"line":53,"column":52},"end":{"line":60,"column":11}},"line":53}},"branchMap":{"0":{"loc":{"start":{"line":50,"column":8},"end":{"line":63,"column":9}},"type":"if","locations":[{"start":{"line":50,"column":8},"end":{"line":63,"column":9}},{"start":{},"end":{}}],"line":50},"1":{"loc":{"start":{"line":58,"column":32},"end":{"line":58,"column":77}},"type":"cond-expr","locations":[{"start":{"line":58,"column":60},"end":{"line":58,"column":66}},{"start":{"line":58,"column":69},"end":{"line":58,"column":77}}],"line":58}},"s":{"0":0,"1":0,"2":0,"3":0,"4":0,"5":0,"6":0,"7":0,"8":0,"9":0,"10":0,"11":0,"12":0},"f":{"0":0,"1":0,"2":0},"b":{"0":[0,0],"1":[0,0]}}
,"/home/guilherme/Documentos/Projects/Fullstack_Project_Backend/src/modules/news/services/DeleteCommentService.ts": {"path":"/home/guilherme/Documentos/Projects/Fullstack_Project_Backend/src/modules/news/services/DeleteCommentService.ts","statementMap":{"0":{"start":{"line":13,"column":24},"end":{"line":13,"column":65}},"1":{"start":{"line":15,"column":8},"end":{"line":17,"column":9}},"2":{"start":{"line":16,"column":12},"end":{"line":16,"column":52}},"3":{"start":{"line":19,"column":8},"end":{"line":19,"column":53}}},"fnMap":{"0":{"name":"(anonymous_0)","decl":{"start":{"line":7,"column":4},"end":{"line":7,"column":5}},"loc":{"start":{"line":10,"column":6},"end":{"line":10,"column":8}},"line":10},"1":{"name":"(anonymous_1)","decl":{"start":{"line":12,"column":4},"end":{"line":12,"column":5}},"loc":{"start":{"line":12,"column":52},"end":{"line":20,"column":5}},"line":12}},"branchMap":{"0":{"loc":{"start":{"line":15,"column":8},"end":{"line":17,"column":9}},"type":"if","locations":[{"start":{"line":15,"column":8},"end":{"line":17,"column":9}},{"start":{},"end":{}}],"line":15}},"s":{"0":0,"1":0,"2":0,"3":0},"f":{"0":0,"1":0},"b":{"0":[0,0]}}
,"/home/guilherme/Documentos/Projects/Fullstack_Project_Backend/src/modules/news/services/DeleteLikeService.ts": {"path":"/home/guilherme/Documentos/Projects/Fullstack_Project_Backend/src/modules/news/services/DeleteLikeService.ts","statementMap":{"0":{"start":{"line":13,"column":21},"end":{"line":13,"column":60}},"1":{"start":{"line":15,"column":8},"end":{"line":17,"column":9}},"2":{"start":{"line":16,"column":12},"end":{"line":16,"column":49}},"3":{"start":{"line":19,"column":8},"end":{"line":19,"column":48}}},"fnMap":{"0":{"name":"(anonymous_0)","decl":{"start":{"line":7,"column":4},"end":{"line":7,"column":5}},"loc":{"start":{"line":10,"column":6},"end":{"line":10,"column":8}},"line":10},"1":{"name":"(anonymous_1)","decl":{"start":{"line":12,"column":4},"end":{"line":12,"column":5}},"loc":{"start":{"line":12,"column":52},"end":{"line":20,"column":5}},"line":12}},"branchMap":{"0":{"loc":{"start":{"line":15,"column":8},"end":{"line":17,"column":9}},"type":"if","locations":[{"start":{"line":15,"column":8},"end":{"line":17,"column":9}},{"start":{},"end":{}}],"line":15}},"s":{"0":0,"1":0,"2":0,"3":0},"f":{"0":0,"1":0},"b":{"0":[0,0]}}
,"/home/guilherme/Documentos/Projects/Fullstack_Project_Backend/src/modules/news/services/DeleteNewsService.ts": {"path":"/home/guilherme/Documentos/Projects/Fullstack_Project_Backend/src/modules/news/services/DeleteNewsService.ts","statementMap":{"0":{"start":{"line":19,"column":21},"end":{"line":19,"column":59}},"1":{"start":{"line":21,"column":8},"end":{"line":23,"column":9}},"2":{"start":{"line":22,"column":12},"end":{"line":22,"column":49}},"3":{"start":{"line":25,"column":8},"end":{"line":25,"column":47}},"4":{"start":{"line":27,"column":8},"end":{"line":27,"column":67}}},"fnMap":{"0":{"name":"(anonymous_0)","decl":{"start":{"line":9,"column":4},"end":{"line":9,"column":5}},"loc":{"start":{"line":16,"column":6},"end":{"line":16,"column":8}},"line":16},"1":{"name":"(anonymous_1)","decl":{"start":{"line":18,"column":4},"end":{"line":18,"column":5}},"loc":{"start":{"line":18,"column":52},"end":{"line":28,"column":5}},"line":18}},"branchMap":{"0":{"loc":{"start":{"line":21,"column":8},"end":{"line":23,"column":9}},"type":"if","locations":[{"start":{"line":21,"column":8},"end":{"line":23,"column":9}},{"start":{},"end":{}}],"line":21}},"s":{"0":0,"1":0,"2":0,"3":0,"4":0},"f":{"0":0,"1":0},"b":{"0":[0,0]}}
,"/home/guilherme/Documentos/Projects/Fullstack_Project_Backend/src/modules/news/services/ListNewsByUserIdService.ts": {"path":"/home/guilherme/Documentos/Projects/Fullstack_Project_Backend/src/modules/news/services/ListNewsByUserIdService.ts","statementMap":{"0":{"start":{"line":13,"column":21},"end":{"line":13,"column":79}},"1":{"start":{"line":15,"column":8},"end":{"line":15,"column":20}}},"fnMap":{"0":{"name":"(anonymous_0)","decl":{"start":{"line":7,"column":4},"end":{"line":7,"column":5}},"loc":{"start":{"line":10,"column":6},"end":{"line":10,"column":8}},"line":10},"1":{"name":"(anonymous_1)","decl":{"start":{"line":12,"column":4},"end":{"line":12,"column":5}},"loc":{"start":{"line":12,"column":59},"end":{"line":16,"column":5}},"line":12}},"branchMap":{},"s":{"0":0,"1":0},"f":{"0":0,"1":0},"b":{}}
,"/home/guilherme/Documentos/Projects/Fullstack_Project_Backend/src/modules/news/services/ListNewsCommentsService.ts": {"path":"/home/guilherme/Documentos/Projects/Fullstack_Project_Backend/src/modules/news/services/ListNewsCommentsService.ts","statementMap":{"0":{"start":{"line":13,"column":25},"end":{"line":13,"column":78}},"1":{"start":{"line":15,"column":8},"end":{"line":15,"column":24}}},"fnMap":{"0":{"name":"(anonymous_0)","decl":{"start":{"line":7,"column":4},"end":{"line":7,"column":5}},"loc":{"start":{"line":10,"column":6},"end":{"line":10,"column":8}},"line":10},"1":{"name":"(anonymous_1)","decl":{"start":{"line":12,"column":4},"end":{"line":12,"column":5}},"loc":{"start":{"line":12,"column":62},"end":{"line":16,"column":5}},"line":12}},"branchMap":{},"s":{"0":0,"1":0},"f":{"0":0,"1":0},"b":{}}
,"/home/guilherme/Documentos/Projects/Fullstack_Project_Backend/src/modules/news/services/ListNewsService.ts": {"path":"/home/guilherme/Documentos/Projects/Fullstack_Project_Backend/src/modules/news/services/ListNewsService.ts","statementMap":{"0":{"start":{"line":16,"column":19},"end":{"line":16,"column":82}},"1":{"start":{"line":18,"column":8},"end":{"line":20,"column":9}},"2":{"start":{"line":19,"column":12},"end":{"line":19,"column":52}},"3":{"start":{"line":22,"column":8},"end":{"line":22,"column":66}},"4":{"start":{"line":24,"column":8},"end":{"line":24,"column":20}}},"fnMap":{"0":{"name":"(anonymous_0)","decl":{"start":{"line":8,"column":4},"end":{"line":8,"column":5}},"loc":{"start":{"line":13,"column":6},"end":{"line":13,"column":8}},"line":13},"1":{"name":"(anonymous_1)","decl":{"start":{"line":15,"column":4},"end":{"line":15,"column":5}},"loc":{"start":{"line":15,"column":45},"end":{"line":25,"column":5}},"line":15}},"branchMap":{"0":{"loc":{"start":{"line":18,"column":8},"end":{"line":20,"column":9}},"type":"if","locations":[{"start":{"line":18,"column":8},"end":{"line":20,"column":9}},{"start":{},"end":{}}],"line":18}},"s":{"0":0,"1":0,"2":0,"3":0,"4":0},"f":{"0":0,"1":0},"b":{"0":[0,0]}}
,"/home/guilherme/Documentos/Projects/Fullstack_Project_Backend/src/modules/news/services/ShowLikeService.ts": {"path":"/home/guilherme/Documentos/Projects/Fullstack_Project_Backend/src/modules/news/services/ShowLikeService.ts","statementMap":{"0":{"start":{"line":14,"column":21},"end":{"line":14,"column":60}},"1":{"start":{"line":16,"column":8},"end":{"line":18,"column":9}},"2":{"start":{"line":17,"column":12},"end":{"line":17,"column":49}},"3":{"start":{"line":20,"column":8},"end":{"line":20,"column":20}}},"fnMap":{"0":{"name":"(anonymous_0)","decl":{"start":{"line":8,"column":4},"end":{"line":8,"column":5}},"loc":{"start":{"line":11,"column":6},"end":{"line":11,"column":8}},"line":11},"1":{"name":"(anonymous_1)","decl":{"start":{"line":13,"column":4},"end":{"line":13,"column":5}},"loc":{"start":{"line":13,"column":54},"end":{"line":21,"column":5}},"line":13}},"branchMap":{"0":{"loc":{"start":{"line":16,"column":8},"end":{"line":18,"column":9}},"type":"if","locations":[{"start":{"line":16,"column":8},"end":{"line":18,"column":9}},{"start":{},"end":{}}],"line":16}},"s":{"0":0,"1":0,"2":0,"3":0},"f":{"0":0,"1":0},"b":{"0":[0,0]}}
,"/home/guilherme/Documentos/Projects/Fullstack_Project_Backend/src/modules/news/services/ShowNewsService.ts": {"path":"/home/guilherme/Documentos/Projects/Fullstack_Project_Backend/src/modules/news/services/ShowNewsService.ts","statementMap":{"0":{"start":{"line":14,"column":21},"end":{"line":14,"column":67}},"1":{"start":{"line":16,"column":8},"end":{"line":18,"column":9}},"2":{"start":{"line":17,"column":12},"end":{"line":17,"column":49}},"3":{"start":{"line":20,"column":8},"end":{"line":20,"column":20}}},"fnMap":{"0":{"name":"(anonymous_0)","decl":{"start":{"line":8,"column":4},"end":{"line":8,"column":5}},"loc":{"start":{"line":11,"column":6},"end":{"line":11,"column":8}},"line":11},"1":{"name":"(anonymous_1)","decl":{"start":{"line":13,"column":4},"end":{"line":13,"column":5}},"loc":{"start":{"line":13,"column":53},"end":{"line":21,"column":5}},"line":13}},"branchMap":{"0":{"loc":{"start":{"line":16,"column":8},"end":{"line":18,"column":9}},"type":"if","locations":[{"start":{"line":16,"column":8},"end":{"line":18,"column":9}},{"start":{},"end":{}}],"line":16}},"s":{"0":0,"1":0,"2":0,"3":0},"f":{"0":0,"1":0},"b":{"0":[0,0]}}
,"/home/guilherme/Documentos/Projects/Fullstack_Project_Backend/src/modules/notifications/services/CreateNotificationService.ts": {"path":"/home/guilherme/Documentos/Projects/Fullstack_Project_Backend/src/modules/notifications/services/CreateNotificationService.ts","statementMap":{"0":{"start":{"line":14,"column":29},"end":{"line":14,"column":76}},"1":{"start":{"line":16,"column":8},"end":{"line":16,"column":28}}},"fnMap":{"0":{"name":"(anonymous_0)","decl":{"start":{"line":8,"column":4},"end":{"line":8,"column":5}},"loc":{"start":{"line":11,"column":6},"end":{"line":11,"column":8}},"line":11},"1":{"name":"(anonymous_1)","decl":{"start":{"line":13,"column":4},"end":{"line":13,"column":5}},"loc":{"start":{"line":13,"column":76},"end":{"line":17,"column":5}},"line":13}},"branchMap":{},"s":{"0":0,"1":0},"f":{"0":0,"1":0},"b":{}}
,"/home/guilherme/Documentos/Projects/Fullstack_Project_Backend/src/modules/notifications/services/DeleteNotificationService.ts": {"path":"/home/guilherme/Documentos/Projects/Fullstack_Project_Backend/src/modules/notifications/services/DeleteNotificationService.ts","statementMap":{"0":{"start":{"line":13,"column":29},"end":{"line":13,"column":75}},"1":{"start":{"line":15,"column":8},"end":{"line":17,"column":9}},"2":{"start":{"line":16,"column":12},"end":{"line":16,"column":57}},"3":{"start":{"line":19,"column":8},"end":{"line":19,"column":63}}},"fnMap":{"0":{"name":"(anonymous_0)","decl":{"start":{"line":7,"column":4},"end":{"line":7,"column":5}},"loc":{"start":{"line":10,"column":6},"end":{"line":10,"column":8}},"line":10},"1":{"name":"(anonymous_1)","decl":{"start":{"line":12,"column":4},"end":{"line":12,"column":5}},"loc":{"start":{"line":12,"column":52},"end":{"line":20,"column":5}},"line":12}},"branchMap":{"0":{"loc":{"start":{"line":15,"column":8},"end":{"line":17,"column":9}},"type":"if","locations":[{"start":{"line":15,"column":8},"end":{"line":17,"column":9}},{"start":{},"end":{}}],"line":15}},"s":{"0":0,"1":0,"2":0,"3":0},"f":{"0":0,"1":0},"b":{"0":[0,0]}}
,"/home/guilherme/Documentos/Projects/Fullstack_Project_Backend/src/modules/notifications/services/ListNotificationsService.ts": {"path":"/home/guilherme/Documentos/Projects/Fullstack_Project_Backend/src/modules/notifications/services/ListNotificationsService.ts","statementMap":{"0":{"start":{"line":19,"column":28},"end":{"line":20,"column":77}},"1":{"start":{"line":22,"column":8},"end":{"line":26,"column":9}},"2":{"start":{"line":23,"column":12},"end":{"line":23,"column":75}},"3":{"start":{"line":25,"column":12},"end":{"line":25,"column":97}},"4":{"start":{"line":28,"column":23},"end":{"line":28,"column":25}},"5":{"start":{"line":30,"column":36},"end":{"line":30,"column":56}},"6":{"start":{"line":32,"column":8},"end":{"line":41,"column":11}},"7":{"start":{"line":33,"column":28},"end":{"line":33,"column":94}},"8":{"start":{"line":35,"column":12},"end":{"line":40,"column":13}},"9":{"start":{"line":36,"column":16},"end":{"line":39,"column":18}},"10":{"start":{"line":43,"column":8},"end":{"line":43,"column":36}},"11":{"start":{"line":45,"column":8},"end":{"line":48,"column":10}}},"fnMap":{"0":{"name":"(anonymous_0)","decl":{"start":{"line":9,"column":4},"end":{"line":9,"column":5}},"loc":{"start":{"line":16,"column":6},"end":{"line":16,"column":8}},"line":16},"1":{"name":"(anonymous_1)","decl":{"start":{"line":18,"column":4},"end":{"line":18,"column":5}},"loc":{"start":{"line":18,"column":101},"end":{"line":49,"column":5}},"line":18},"2":{"name":"(anonymous_2)","decl":{"start":{"line":32,"column":30},"end":{"line":32,"column":31}},"loc":{"start":{"line":32,"column":46},"end":{"line":41,"column":9}},"line":32}},"branchMap":{"0":{"loc":{"start":{"line":22,"column":8},"end":{"line":26,"column":9}},"type":"if","locations":[{"start":{"line":22,"column":8},"end":{"line":26,"column":9}},{"start":{},"end":{}}],"line":22},"1":{"loc":{"start":{"line":35,"column":12},"end":{"line":40,"column":13}},"type":"if","locations":[{"start":{"line":35,"column":12},"end":{"line":40,"column":13}},{"start":{},"end":{}}],"line":35}},"s":{"0":0,"1":0,"2":0,"3":0,"4":0,"5":0,"6":0,"7":0,"8":0,"9":0,"10":0,"11":0},"f":{"0":0,"1":0,"2":0},"b":{"0":[0,0],"1":[0,0]}}
,"/home/guilherme/Documentos/Projects/Fullstack_Project_Backend/src/modules/users/services/CreateSessionService.ts": {"path":"/home/guilherme/Documentos/Projects/Fullstack_Project_Backend/src/modules/users/services/CreateSessionService.ts","statementMap":{"0":{"start":{"line":21,"column":21},"end":{"line":21,"column":65}},"1":{"start":{"line":23,"column":8},"end":{"line":25,"column":9}},"2":{"start":{"line":24,"column":12},"end":{"line":24,"column":55}},"3":{"start":{"line":27,"column":28},"end":{"line":27,"column":90}},"4":{"start":{"line":29,"column":8},"end":{"line":31,"column":9}},"5":{"start":{"line":30,"column":12},"end":{"line":30,"column":53}},"6":{"start":{"line":33,"column":24},"end":{"line":37,"column":9}},"7":{"start":{"line":39,"column":22},"end":{"line":39,"column":61}},"8":{"start":{"line":41,"column":8},"end":{"line":44,"column":10}}},"fnMap":{"0":{"name":"(anonymous_0)","decl":{"start":{"line":11,"column":4},"end":{"line":11,"column":5}},"loc":{"start":{"line":18,"column":6},"end":{"line":18,"column":8}},"line":18},"1":{"name":"(anonymous_1)","decl":{"start":{"line":20,"column":4},"end":{"line":20,"column":5}},"loc":{"start":{"line":20,"column":81},"end":{"line":45,"column":5}},"line":20}},"branchMap":{"0":{"loc":{"start":{"line":23,"column":8},"end":{"line":25,"column":9}},"type":"if","locations":[{"start":{"line":23,"column":8},"end":{"line":25,"column":9}},{"start":{},"end":{}}],"line":23},"1":{"loc":{"start":{"line":29,"column":8},"end":{"line":31,"column":9}},"type":"if","locations":[{"start":{"line":29,"column":8},"end":{"line":31,"column":9}},{"start":{},"end":{}}],"line":29}},"s":{"0":0,"1":0,"2":0,"3":0,"4":0,"5":0,"6":0,"7":0,"8":0},"f":{"0":0,"1":0},"b":{"0":[0,0],"1":[0,0]}}
,"/home/guilherme/Documentos/Projects/Fullstack_Project_Backend/src/modules/users/services/CreateUserService.ts": {"path":"/home/guilherme/Documentos/Projects/Fullstack_Project_Backend/src/modules/users/services/CreateUserService.ts","statementMap":{"0":{"start":{"line":18,"column":27},"end":{"line":18,"column":71}},"1":{"start":{"line":20,"column":8},"end":{"line":22,"column":9}},"2":{"start":{"line":21,"column":12},"end":{"line":21,"column":59}},"3":{"start":{"line":24,"column":21},"end":{"line":24,"column":80}},"4":{"start":{"line":26,"column":31},"end":{"line":26,"column":84}},"5":{"start":{"line":28,"column":8},"end":{"line":28,"column":39}},"6":{"start":{"line":30,"column":8},"end":{"line":30,"column":45}},"7":{"start":{"line":32,"column":8},"end":{"line":32,"column":20}}},"fnMap":{"0":{"name":"(anonymous_0)","decl":{"start":{"line":10,"column":4},"end":{"line":10,"column":5}},"loc":{"start":{"line":15,"column":6},"end":{"line":15,"column":8}},"line":15},"1":{"name":"(anonymous_1)","decl":{"start":{"line":17,"column":4},"end":{"line":17,"column":5}},"loc":{"start":{"line":17,"column":81},"end":{"line":33,"column":5}},"line":17}},"branchMap":{"0":{"loc":{"start":{"line":20,"column":8},"end":{"line":22,"column":9}},"type":"if","locations":[{"start":{"line":20,"column":8},"end":{"line":22,"column":9}},{"start":{},"end":{}}],"line":20}},"s":{"0":3,"1":3,"2":1,"3":2,"4":2,"5":2,"6":2,"7":2},"f":{"0":2,"1":3},"b":{"0":[1,2]},"_coverageSchema":"1a1c01bbd47fc00a2c39e90264f33305004495a9","hash":"ccdd661ab3f4522768c8a14724951218c2d55e5a"}
,"/home/guilherme/Documentos/Projects/Fullstack_Project_Backend/src/modules/users/services/DeleteUserService.ts": {"path":"/home/guilherme/Documentos/Projects/Fullstack_Project_Backend/src/modules/users/services/DeleteUserService.ts","statementMap":{"0":{"start":{"line":13,"column":21},"end":{"line":13,"column":67}},"1":{"start":{"line":15,"column":8},"end":{"line":17,"column":9}},"2":{"start":{"line":16,"column":12},"end":{"line":16,"column":49}},"3":{"start":{"line":19,"column":8},"end":{"line":19,"column":47}}},"fnMap":{"0":{"name":"(anonymous_0)","decl":{"start":{"line":7,"column":4},"end":{"line":7,"column":5}},"loc":{"start":{"line":10,"column":6},"end":{"line":10,"column":8}},"line":10},"1":{"name":"(anonymous_1)","decl":{"start":{"line":12,"column":4},"end":{"line":12,"column":5}},"loc":{"start":{"line":12,"column":52},"end":{"line":20,"column":5}},"line":12}},"branchMap":{"0":{"loc":{"start":{"line":15,"column":8},"end":{"line":17,"column":9}},"type":"if","locations":[{"start":{"line":15,"column":8},"end":{"line":17,"column":9}},{"start":{},"end":{}}],"line":15}},"s":{"0":0,"1":0,"2":0,"3":0},"f":{"0":0,"1":0},"b":{"0":[0,0]}}
,"/home/guilherme/Documentos/Projects/Fullstack_Project_Backend/src/modules/users/services/ListUsersService.ts": {"path":"/home/guilherme/Documentos/Projects/Fullstack_Project_Backend/src/modules/users/services/ListUsersService.ts","statementMap":{"0":{"start":{"line":13,"column":22},"end":{"line":13,"column":54}},"1":{"start":{"line":15,"column":8},"end":{"line":15,"column":21}}},"fnMap":{"0":{"name":"(anonymous_0)","decl":{"start":{"line":7,"column":4},"end":{"line":7,"column":5}},"loc":{"start":{"line":10,"column":6},"end":{"line":10,"column":8}},"line":10},"1":{"name":"(anonymous_1)","decl":{"start":{"line":12,"column":4},"end":{"line":12,"column":5}},"loc":{"start":{"line":12,"column":45},"end":{"line":16,"column":5}},"line":12}},"branchMap":{},"s":{"0":1,"1":1},"f":{"0":1,"1":1},"b":{},"_coverageSchema":"1a1c01bbd47fc00a2c39e90264f33305004495a9","hash":"683109370d5fd4171a91f5f12043d35bfc7edbf1"}
,"/home/guilherme/Documentos/Projects/Fullstack_Project_Backend/src/modules/users/services/ShowUserService.ts": {"path":"/home/guilherme/Documentos/Projects/Fullstack_Project_Backend/src/modules/users/services/ShowUserService.ts","statementMap":{"0":{"start":{"line":14,"column":21},"end":{"line":14,"column":67}},"1":{"start":{"line":16,"column":8},"end":{"line":18,"column":9}},"2":{"start":{"line":17,"column":12},"end":{"line":17,"column":49}},"3":{"start":{"line":20,"column":8},"end":{"line":20,"column":20}}},"fnMap":{"0":{"name":"(anonymous_0)","decl":{"start":{"line":8,"column":4},"end":{"line":8,"column":5}},"loc":{"start":{"line":11,"column":6},"end":{"line":11,"column":8}},"line":11},"1":{"name":"(anonymous_1)","decl":{"start":{"line":13,"column":4},"end":{"line":13,"column":5}},"loc":{"start":{"line":13,"column":53},"end":{"line":21,"column":5}},"line":13}},"branchMap":{"0":{"loc":{"start":{"line":16,"column":8},"end":{"line":18,"column":9}},"type":"if","locations":[{"start":{"line":16,"column":8},"end":{"line":18,"column":9}},{"start":{},"end":{}}],"line":16}},"s":{"0":0,"1":0,"2":0,"3":0},"f":{"0":0,"1":0},"b":{"0":[0,0]}}
,"/home/guilherme/Documentos/Projects/Fullstack_Project_Backend/src/modules/users/services/sum.ts": {"path":"/home/guilherme/Documentos/Projects/Fullstack_Project_Backend/src/modules/users/services/sum.ts","statementMap":{"0":{"start":{"line":2,"column":4},"end":{"line":2,"column":17}}},"fnMap":{"0":{"name":"sum","decl":{"start":{"line":1,"column":9},"end":{"line":1,"column":12}},"loc":{"start":{"line":1,"column":15},"end":{"line":3,"column":1}},"line":1}},"branchMap":{},"s":{"0":1},"f":{"0":1},"b":{},"_coverageSchema":"1a1c01bbd47fc00a2c39e90264f33305004495a9","hash":"295dd9b2cf6c0038d952f2edc275676237c4fd40"}
}
